<?xml version="1.0" encoding="UTF-8"?>
<testsuites name="jest tests" tests="1" failures="0" time="0.935">
  <testsuite name="placeholder test" errors="0" failures="0" skipped="0" timestamp="2022-01-13T13:15:07" time="0.461" tests="1">
    <testcase classname="placeholder test should return true" name="placeholder test should return true" time="0.002">
    </testcase>
  </testsuite>
</testsuites>